{"uuid":"0ae5a84b-e0e6-4036-b277-6d29ed8f742c","historyId":"743dc38b415a12422532f987d9adb06d","fullName":"src/test/resources/Features/Array.feature:195","labels":[{"name":"tag","value":"Array"},{"name":"tag","value":"Array21"},{"name":"host","value":"Jibys-MacBook-Air.local"},{"name":"thread","value":"26564@Jibys-MacBook-Air.local.main(1)"},{"name":"feature","value":"User is on Array Page"},{"name":"story","value":"The user is presented with error message for code with invalid syntax in tryEditor for Search the array link"},{"name":"suite","value":"User is on Array Page"},{"name":"testClass","value":"The user is presented with error message for code with invalid syntax in tryEditor for Search the array link"},{"name":"framework","value":"cucumber4jvm"},{"name":"language","value":"java"},{"name":"gherkin_uri","value":"file:///Users/jibyraju/eclipse-workspace/Final_Test_DsAlgo/src/test/resources/Features/Array.feature"},{"name":"package","value":"src.test.resources.Features.Array_feature.User is on Array Page"}],"links":[],"name":"The user is presented with error message for code with invalid syntax in tryEditor for Search the array link","status":"failed","statusDetails":{"known":false,"muted":false,"flaky":false,"message":"Result do not match expected [NameError: name 'hello' is not defined on line 1] but found [SyntaxError: bad input on line 1]","trace":"java.lang.AssertionError: Result do not match expected [NameError: name 'hello' is not defined on line 1] but found [SyntaxError: bad input on line 1]\n\tat org.testng.Assert.fail(Assert.java:111)\n\tat org.testng.Assert.failNotEquals(Assert.java:1578)\n\tat org.testng.Assert.assertEqualsImpl(Assert.java:150)\n\tat org.testng.Assert.assertEquals(Assert.java:132)\n\tat org.testng.Assert.assertEquals(Assert.java:656)\n\tat StepDefinitions.ArrayStepDefinition.the_user_should_be_presented_with_error_result(ArrayStepDefinition.java:125)\n\tat ✽.The user should be presented with error result(file:///Users/jibyraju/eclipse-workspace/Final_Test_DsAlgo/src/test/resources/Features/Array.feature:191)\n"},"stage":"finished","steps":[{"name":"Given  The user is on Question page of Search the array link","status":"passed","statusDetails":{"known":false,"muted":false,"flaky":false},"stage":"finished","steps":[],"attachments":[],"parameters":[],"start":1696612701823,"stop":1696612702144},{"name":"When  The user enter python code with invalid syntax in tryEditor from sheet  \"pythoncode\" and 1","status":"passed","statusDetails":{"known":false,"muted":false,"flaky":false},"stage":"finished","steps":[],"attachments":[],"parameters":[],"start":1696612702144,"stop":1696612702171},{"name":"And  The user clicks run button","status":"passed","statusDetails":{"known":false,"muted":false,"flaky":false},"stage":"finished","steps":[],"attachments":[],"parameters":[],"start":1696612702172,"stop":1696612702206},{"name":"Then  The user should be presented with error result","status":"failed","statusDetails":{"known":false,"muted":false,"flaky":false,"message":"Result do not match expected [NameError: name 'hello' is not defined on line 1] but found [SyntaxError: bad input on line 1]","trace":"java.lang.AssertionError: Result do not match expected [NameError: name 'hello' is not defined on line 1] but found [SyntaxError: bad input on line 1]\n\tat org.testng.Assert.fail(Assert.java:111)\n\tat org.testng.Assert.failNotEquals(Assert.java:1578)\n\tat org.testng.Assert.assertEqualsImpl(Assert.java:150)\n\tat org.testng.Assert.assertEquals(Assert.java:132)\n\tat org.testng.Assert.assertEquals(Assert.java:656)\n\tat StepDefinitions.ArrayStepDefinition.the_user_should_be_presented_with_error_result(ArrayStepDefinition.java:125)\n\tat ✽.The user should be presented with error result(file:///Users/jibyraju/eclipse-workspace/Final_Test_DsAlgo/src/test/resources/Features/Array.feature:191)\n"},"stage":"finished","steps":[],"attachments":[],"parameters":[],"start":1696612702206,"stop":1696612704232}],"attachments":[],"parameters":[{"name":"Sheetname","value":"pythoncode"},{"name":"RowNumber","value":"1"}],"start":1696612701823,"stop":1696612704233}