{"uuid":"6e83c595-f8e8-49b2-bfd0-927e64150496","historyId":"d01fe267a7f2bd45552b2decf9bc67eb","fullName":"src/test/resources/Features/Array.feature:234","labels":[{"name":"tag","value":"Array"},{"name":"tag","value":"Array25"},{"name":"host","value":"Jibys-MacBook-Air.local"},{"name":"thread","value":"26564@Jibys-MacBook-Air.local.main(1)"},{"name":"feature","value":"User is on Array Page"},{"name":"story","value":"The user is presented with error message for invalid code in tryEditor for Max Consecutive Ones"},{"name":"suite","value":"User is on Array Page"},{"name":"testClass","value":"The user is presented with error message for invalid code in tryEditor for Max Consecutive Ones"},{"name":"framework","value":"cucumber4jvm"},{"name":"language","value":"java"},{"name":"gherkin_uri","value":"file:///Users/jibyraju/eclipse-workspace/Final_Test_DsAlgo/src/test/resources/Features/Array.feature"},{"name":"package","value":"src.test.resources.Features.Array_feature.User is on Array Page"}],"links":[],"name":"The user is presented with error message for invalid code in tryEditor for Max Consecutive Ones","status":"failed","statusDetails":{"known":false,"muted":false,"flaky":false,"message":"Result do not match expected [NameError: name 'hello' is not defined on line 1] but found [SyntaxError: bad input on line 1]","trace":"java.lang.AssertionError: Result do not match expected [NameError: name 'hello' is not defined on line 1] but found [SyntaxError: bad input on line 1]\n\tat org.testng.Assert.fail(Assert.java:111)\n\tat org.testng.Assert.failNotEquals(Assert.java:1578)\n\tat org.testng.Assert.assertEqualsImpl(Assert.java:150)\n\tat org.testng.Assert.assertEquals(Assert.java:132)\n\tat org.testng.Assert.assertEquals(Assert.java:656)\n\tat StepDefinitions.ArrayStepDefinition.the_user_should_be_presented_with_error_result(ArrayStepDefinition.java:125)\n\tat ✽.The user should be presented with error result(file:///Users/jibyraju/eclipse-workspace/Final_Test_DsAlgo/src/test/resources/Features/Array.feature:230)\n"},"stage":"finished","steps":[{"name":"Given  The user is on Question page of Max Consecutive Ones after logged in","status":"passed","statusDetails":{"known":false,"muted":false,"flaky":false},"stage":"finished","steps":[],"attachments":[],"parameters":[],"start":1696612706470,"stop":1696612706789},{"name":"When  The user enter python code with invalid syntax in tryEditor from sheet  \"pythoncode\" and 1","status":"passed","statusDetails":{"known":false,"muted":false,"flaky":false},"stage":"finished","steps":[],"attachments":[],"parameters":[],"start":1696612706789,"stop":1696612706817},{"name":"And  The user clicks run button","status":"passed","statusDetails":{"known":false,"muted":false,"flaky":false},"stage":"finished","steps":[],"attachments":[],"parameters":[],"start":1696612706818,"stop":1696612706853},{"name":"Then  The user should be presented with error result","status":"failed","statusDetails":{"known":false,"muted":false,"flaky":false,"message":"Result do not match expected [NameError: name 'hello' is not defined on line 1] but found [SyntaxError: bad input on line 1]","trace":"java.lang.AssertionError: Result do not match expected [NameError: name 'hello' is not defined on line 1] but found [SyntaxError: bad input on line 1]\n\tat org.testng.Assert.fail(Assert.java:111)\n\tat org.testng.Assert.failNotEquals(Assert.java:1578)\n\tat org.testng.Assert.assertEqualsImpl(Assert.java:150)\n\tat org.testng.Assert.assertEquals(Assert.java:132)\n\tat org.testng.Assert.assertEquals(Assert.java:656)\n\tat StepDefinitions.ArrayStepDefinition.the_user_should_be_presented_with_error_result(ArrayStepDefinition.java:125)\n\tat ✽.The user should be presented with error result(file:///Users/jibyraju/eclipse-workspace/Final_Test_DsAlgo/src/test/resources/Features/Array.feature:230)\n"},"stage":"finished","steps":[],"attachments":[],"parameters":[],"start":1696612706854,"stop":1696612708881}],"attachments":[],"parameters":[{"name":"Sheetname","value":"pythoncode"},{"name":"RowNumber","value":"1"}],"start":1696612706470,"stop":1696612708882}