{"uuid":"99248467-7ce5-4233-80e1-ad618c3436df","historyId":"4b33e315dd4cf66df695308f40194996","fullName":"src/test/resources/Features/Array.feature:273","labels":[{"name":"tag","value":"Array"},{"name":"tag","value":"Array29"},{"name":"host","value":"Jibys-MacBook-Air.local"},{"name":"thread","value":"26564@Jibys-MacBook-Air.local.main(1)"},{"name":"feature","value":"User is on Array Page"},{"name":"story","value":"The user is presented with error message for invalid code in tryEditor for Find Numbers with Even Number of Digits"},{"name":"suite","value":"User is on Array Page"},{"name":"testClass","value":"The user is presented with error message for invalid code in tryEditor for Find Numbers with Even Number of Digits"},{"name":"framework","value":"cucumber4jvm"},{"name":"language","value":"java"},{"name":"gherkin_uri","value":"file:///Users/jibyraju/eclipse-workspace/Final_Test_DsAlgo/src/test/resources/Features/Array.feature"},{"name":"package","value":"src.test.resources.Features.Array_feature.User is on Array Page"}],"links":[],"name":"The user is presented with error message for invalid code in tryEditor for Find Numbers with Even Number of Digits","status":"failed","statusDetails":{"known":false,"muted":false,"flaky":false,"message":"Result do not match expected [NameError: name 'hello' is not defined on line 1] but found [SyntaxError: bad input on line 1]","trace":"java.lang.AssertionError: Result do not match expected [NameError: name 'hello' is not defined on line 1] but found [SyntaxError: bad input on line 1]\n\tat org.testng.Assert.fail(Assert.java:111)\n\tat org.testng.Assert.failNotEquals(Assert.java:1578)\n\tat org.testng.Assert.assertEqualsImpl(Assert.java:150)\n\tat org.testng.Assert.assertEquals(Assert.java:132)\n\tat org.testng.Assert.assertEquals(Assert.java:656)\n\tat StepDefinitions.ArrayStepDefinition.the_user_should_be_presented_with_error_result(ArrayStepDefinition.java:125)\n\tat ✽.The user should be presented with error result(file:///Users/jibyraju/eclipse-workspace/Final_Test_DsAlgo/src/test/resources/Features/Array.feature:269)\n"},"stage":"finished","steps":[{"name":"Given  The user is on Question page of Find Numbers with Even Number of Digits after logged in","status":"passed","statusDetails":{"known":false,"muted":false,"flaky":false},"stage":"finished","steps":[],"attachments":[],"parameters":[],"start":1696612711213,"stop":1696612711516},{"name":"When  The user enter python code with invalid syntax in tryEditor from sheet  \"pythoncode\" and 1","status":"passed","statusDetails":{"known":false,"muted":false,"flaky":false},"stage":"finished","steps":[],"attachments":[],"parameters":[],"start":1696612711516,"stop":1696612711538},{"name":"And  The user clicks run button","status":"passed","statusDetails":{"known":false,"muted":false,"flaky":false},"stage":"finished","steps":[],"attachments":[],"parameters":[],"start":1696612711538,"stop":1696612711570},{"name":"Then  The user should be presented with error result","status":"failed","statusDetails":{"known":false,"muted":false,"flaky":false,"message":"Result do not match expected [NameError: name 'hello' is not defined on line 1] but found [SyntaxError: bad input on line 1]","trace":"java.lang.AssertionError: Result do not match expected [NameError: name 'hello' is not defined on line 1] but found [SyntaxError: bad input on line 1]\n\tat org.testng.Assert.fail(Assert.java:111)\n\tat org.testng.Assert.failNotEquals(Assert.java:1578)\n\tat org.testng.Assert.assertEqualsImpl(Assert.java:150)\n\tat org.testng.Assert.assertEquals(Assert.java:132)\n\tat org.testng.Assert.assertEquals(Assert.java:656)\n\tat StepDefinitions.ArrayStepDefinition.the_user_should_be_presented_with_error_result(ArrayStepDefinition.java:125)\n\tat ✽.The user should be presented with error result(file:///Users/jibyraju/eclipse-workspace/Final_Test_DsAlgo/src/test/resources/Features/Array.feature:269)\n"},"stage":"finished","steps":[],"attachments":[],"parameters":[],"start":1696612711571,"stop":1696612713597}],"attachments":[],"parameters":[{"name":"Sheetname","value":"pythoncode"},{"name":"RowNumber","value":"1"}],"start":1696612711212,"stop":1696612713598}